-Run node 4 starting at 1357834834.635556 with version 8.0
-Function node 4 starting at 1357834834.635695
LEADER_CHANGE 1 for * SENT from 4 to 1 at 1357834834.636988 standard 1
VSS_HELP 3 for * SENT from 4 to 1 at 1357834834.637031
VSS_HELP 4 for * SENT from 4 to 2 at 1357834834.637130
VSS_HELP 5 for * SENT from 4 to 3 at 1357834834.637625
VSS_HELP 6 for * SENT from 4 to 5 at 1357834834.637686
VSS_HELP 7 for * SENT from 4 to 6 at 1357834834.637734
VSS_HELP 8 for * SENT from 4 to 7 at 1357834834.637776
VSS_HELP 9 for * SENT from 4 to 8 at 1357834834.637812
VSS_HELP 10 for * SENT from 4 to 9 at 1357834834.640323
VSS_HELP 11 for * SENT from 4 to 10 at 1357834834.641091
VSS_SEND 6 for * RECEIVED from 1 to 4 at 1357834834.643126
VSS_ECHO 13 for 1 SENT from 4 to 1 at 1357834834.653337 standard 1
VSS_ECHO 14 for 1 SENT from 4 to 2 at 1357834834.653432 standard 1
VSS_ECHO 15 for 1 SENT from 4 to 3 at 1357834834.653514 standard 1
VSS_ECHO 16 for 1 SENT from 4 to 4 at 1357834834.653630 standard 1
VSS_ECHO 17 for 1 SENT from 4 to 5 at 1357834834.653731 standard 1
VSS_ECHO 18 for 1 SENT from 4 to 6 at 1357834834.653825 standard 1
VSS_ECHO 19 for 1 SENT from 4 to 7 at 1357834834.653911 standard 1
VSS_ECHO 20 for 1 SENT from 4 to 8 at 1357834834.654011 standard 1
VSS_ECHO 21 for 1 SENT from 4 to 9 at 1357834834.654100 standard 1
VSS_ECHO 22 for 1 SENT from 4 to 10 at 1357834834.654188 standard 1
VSS_SEND 6 for * RECEIVED from 3 to 4 at 1357834834.656791
VSS_ECHO 24 for 3 SENT from 4 to 1 at 1357834834.663398 standard 1
VSS_ECHO 25 for 3 SENT from 4 to 2 at 1357834834.663461 standard 1
VSS_ECHO 26 for 3 SENT from 4 to 3 at 1357834834.663515 standard 1
VSS_ECHO 27 for 3 SENT from 4 to 4 at 1357834834.663559 standard 1
VSS_ECHO 28 for 3 SENT from 4 to 5 at 1357834834.663600 standard 1
VSS_ECHO 29 for 3 SENT from 4 to 6 at 1357834834.663639 standard 1
VSS_ECHO 30 for 3 SENT from 4 to 7 at 1357834834.663678 standard 1
VSS_ECHO 31 for 3 SENT from 4 to 8 at 1357834834.663717 standard 1
VSS_ECHO 32 for 3 SENT from 4 to 9 at 1357834834.663756 standard 1
VSS_ECHO 33 for 3 SENT from 4 to 10 at 1357834834.663794 standard 1
VSS_HELP * for * RECEIVED from 1 to 4 at 1357834834.663820
* 1 for * SENT from * to 1 at 1357834834.663826from help 
VSS_ECHO 13 for * SENT from * to 1 at 1357834834.663830 from help 
VSS_SEND 6 for * RECEIVED from 2 to 4 at 1357834834.666547
VSS_ECHO 36 for 2 SENT from 4 to 1 at 1357834834.673058 standard 1
VSS_ECHO 37 for 2 SENT from 4 to 2 at 1357834834.673133 standard 1
VSS_ECHO 38 for 2 SENT from 4 to 3 at 1357834834.673203 standard 1
VSS_ECHO 39 for 2 SENT from 4 to 4 at 1357834834.673272 standard 1
VSS_ECHO 40 for 2 SENT from 4 to 5 at 1357834834.673329 standard 1
VSS_ECHO 41 for 2 SENT from 4 to 6 at 1357834834.673378 standard 1
VSS_ECHO 42 for 2 SENT from 4 to 7 at 1357834834.673428 standard 1
VSS_ECHO 43 for 2 SENT from 4 to 8 at 1357834834.673472 standard 1
VSS_ECHO 44 for 2 SENT from 4 to 9 at 1357834834.673515 standard 1
VSS_ECHO 45 for 2 SENT from 4 to 10 at 1357834834.673559 standard 1
VSS_HELP * for * RECEIVED from 3 to 4 at 1357834834.673616
VSS_ECHO 15 for * SENT from * to 3 at 1357834834.673625 from help 
VSS_ECHO 26 for * SENT from * to 3 at 1357834834.673630 from help 
VSS_ECHO 38 for * SENT from * to 3 at 1357834834.673634 from help 
VSS_ECHO 38 for 1 RECEIVED from 1 to 4 at 1357834834.675246
VSS_HELP * for * RECEIVED from 2 to 4 at 1357834834.679058
VSS_ECHO 14 for * SENT from * to 2 at 1357834834.679070 from help 
VSS_ECHO 25 for * SENT from * to 2 at 1357834834.679080 from help 
VSS_ECHO 37 for * SENT from * to 2 at 1357834834.679084 from help 
VSS_ECHO 26 for 3 RECEIVED from 3 to 4 at 1357834834.680309
VSS_ECHO 16 for 1 RECEIVED from 4 to 4 at 1357834834.685245
VSS_ECHO 74 for 2 RECEIVED from 1 to 4 at 1357834834.690139
VSS_ECHO 26 for 2 RECEIVED from 2 to 4 at 1357834834.695087
VSS_ECHO 38 for 2 RECEIVED from 3 to 4 at 1357834834.700003
VSS_ECHO 27 for 3 RECEIVED from 4 to 4 at 1357834834.704887
VSS_ECHO 86 for 3 RECEIVED from 1 to 4 at 1357834834.709881
VSS_ECHO 38 for 3 RECEIVED from 2 to 4 at 1357834834.714707



============================================
*ENOUGH VSS_ECHO message for 3 at 1357834834.714707
*Threshold : echo = 4
*Received Echo Message Num = 4
*Ready messages are sending out...
============================================

VSS_READY 57 for 3 SENT from 4 to 1 at 1357834834.719949 standard 1
VSS_READY 58 for 3 SENT from 4 to 2 at 1357834834.721155 standard 1
VSS_READY 59 for 3 SENT from 4 to 3 at 1357834834.722375 standard 1
VSS_READY 60 for 3 SENT from 4 to 4 at 1357834834.723521 standard 1
VSS_READY 61 for 3 SENT from 4 to 5 at 1357834834.724726 standard 1
VSS_READY 62 for 3 SENT from 4 to 6 at 1357834834.725958 standard 1
VSS_READY 63 for 3 SENT from 4 to 7 at 1357834834.727163 standard 1
VSS_READY 64 for 3 SENT from 4 to 8 at 1357834834.728417 standard 1
VSS_READY 65 for 3 SENT from 4 to 9 at 1357834834.729713 standard 1
VSS_READY 66 for 3 SENT from 4 to 10 at 1357834834.730971 standard 1
VSS_ECHO 56 for 1 RECEIVED from 3 to 4 at 1357834834.732247
VSS_READY 60 for 3 RECEIVED from 4 to 4 at 1357834834.738628
VSS_ECHO 39 for 2 RECEIVED from 4 to 4 at 1357834834.745054



============================================
*ENOUGH VSS_ECHO message for 2 at 1357834834.745054
*Threshold : echo = 4
*Received Echo Message Num = 4
*Ready messages are sending out...
============================================

VSS_READY 75 for 2 SENT from 4 to 1 at 1357834834.750423 standard 1
VSS_READY 76 for 2 SENT from 4 to 2 at 1357834834.751592 standard 1
VSS_READY 77 for 2 SENT from 4 to 3 at 1357834834.752738 standard 1
VSS_READY 78 for 2 SENT from 4 to 4 at 1357834834.753988 standard 1
VSS_READY 79 for 2 SENT from 4 to 5 at 1357834834.755191 standard 1
VSS_READY 80 for 2 SENT from 4 to 6 at 1357834834.756445 standard 1
VSS_READY 81 for 2 SENT from 4 to 7 at 1357834834.757679 standard 1
VSS_READY 82 for 2 SENT from 4 to 8 at 1357834834.758855 standard 1
VSS_READY 83 for 2 SENT from 4 to 9 at 1357834834.760005 standard 1
VSS_READY 84 for 2 SENT from 4 to 10 at 1357834834.761240 standard 1
VSS_READY 151 for 1 RECEIVED from 1 to 4 at 1357834834.764048
VSS_ECHO 56 for 1 RECEIVED from 2 to 4 at 1357834834.770413



============================================
*ENOUGH VSS_ECHO message for 1 at 1357834834.770413
*Threshold : echo = 4
*Received Echo Message Num = 4
*Ready messages are sending out...
============================================

VSS_READY 100 for 1 SENT from 4 to 1 at 1357834834.775724 standard 1
VSS_READY 101 for 1 SENT from 4 to 2 at 1357834834.776885 standard 1
VSS_READY 102 for 1 SENT from 4 to 3 at 1357834834.778044 standard 1
VSS_READY 103 for 1 SENT from 4 to 4 at 1357834834.779292 standard 1
VSS_READY 104 for 1 SENT from 4 to 5 at 1357834834.780540 standard 1
VSS_READY 105 for 1 SENT from 4 to 6 at 1357834834.781828 standard 1
VSS_READY 106 for 1 SENT from 4 to 7 at 1357834834.783126 standard 1
VSS_READY 107 for 1 SENT from 4 to 8 at 1357834834.784276 standard 1
VSS_READY 108 for 1 SENT from 4 to 9 at 1357834834.785460 standard 1
VSS_READY 109 for 1 SENT from 4 to 10 at 1357834834.786766 standard 1
VSS_READY 78 for 1 RECEIVED from 3 to 4 at 1357834834.789395
VSS_READY 78 for 2 RECEIVED from 4 to 4 at 1357834834.797275
VSS_READY 180 for 3 RECEIVED from 1 to 4 at 1357834834.805245
VSS_READY 78 for 1 RECEIVED from 2 to 4 at 1357834834.813071
VSS_READY 107 for 3 RECEIVED from 3 to 4 at 1357834834.820849
VSS_READY 103 for 1 RECEIVED from 4 to 4 at 1357834834.828362



*============================================
*2ENOUGH VSS_READY message for 4 at 1357834834.828362
*Threshold : Ready = 4
*Received Ready Message Num = 4
*VSS Share is complete for dealer 1
============================================

VSS_SHARED 175 for 1 SENT from 4 to 1 at 1357834834.833706 standard 1
VSS_READY 244 for 2 RECEIVED from 1 to 4 at 1357834834.836269
VSS_READY 107 for 3 RECEIVED from 2 to 4 at 1357834834.843859



*============================================
*2ENOUGH VSS_READY message for 4 at 1357834834.843859
*Threshold : Ready = 4
*Received Ready Message Num = 4
*VSS Share is complete for dealer 3
============================================

VSS_SHARED 202 for 3 SENT from 4 to 1 at 1357834834.849193 standard 1
VSS_READY 140 for 2 RECEIVED from 3 to 4 at 1357834834.851823
DKG_SEND 317 for * RECEIVED from 1 to 4 at 1357834834.870352
DKG_ECHO 235 for 1 SENT from 4 to 1 at 1357834834.871104 standard 1
DKG_ECHO 236 for 1 SENT from 4 to 2 at 1357834834.871866 standard 1
DKG_ECHO 237 for 1 SENT from 4 to 3 at 1357834834.872691 standard 1
DKG_ECHO 238 for 1 SENT from 4 to 4 at 1357834834.873842 standard 1
DKG_ECHO 239 for 1 SENT from 4 to 5 at 1357834834.874964 standard 1
DKG_ECHO 240 for 1 SENT from 4 to 6 at 1357834834.876122 standard 1
DKG_ECHO 241 for 1 SENT from 4 to 7 at 1357834834.877217 standard 1
DKG_ECHO 242 for 1 SENT from 4 to 8 at 1357834834.878310 standard 1
DKG_ECHO 243 for 1 SENT from 4 to 9 at 1357834834.879436 standard 1
DKG_ECHO 244 for 1 SENT from 4 to 10 at 1357834834.880716 standard 1
VSS_READY 148 for 2 RECEIVED from 2 to 4 at 1357834834.883453



*============================================
*2ENOUGH VSS_READY message for 4 at 1357834834.883453
*Threshold : Ready = 4
*Received Ready Message Num = 4
*VSS Share is complete for dealer 2
============================================

VSS_SHARED 254 for 2 SENT from 4 to 1 at 1357834834.888513 standard 1
DKG_ECHO 256 for 1 RECEIVED from 3 to 4 at 1357834834.890012
DKG_ECHO 238 for 1 RECEIVED from 4 to 4 at 1357834834.890966
DKG_ECHO 393 for 1 RECEIVED from 1 to 4 at 1357834834.891859
DKG_ECHO 267 for 1 RECEIVED from 2 to 4 at 1357834834.892726



============================================
*ENOUGH DKG_ECHO message for 4 at 1357834834.892726
*Threshold : Echo = 4
*Received Echo Message Num = 4
*DKG_Readys are sent out...
============================================

DKG_READY 300 for 1 SENT from 4 to 1 at 1357834834.893482 standard 1
DKG_READY 301 for 1 SENT from 4 to 2 at 1357834834.894214 standard 1
DKG_READY 302 for 1 SENT from 4 to 3 at 1357834834.894954 standard 1
DKG_READY 303 for 1 SENT from 4 to 4 at 1357834834.896100 standard 1
DKG_READY 304 for 1 SENT from 4 to 5 at 1357834834.897145 standard 1
DKG_READY 305 for 1 SENT from 4 to 6 at 1357834834.897980 standard 1
DKG_READY 306 for 1 SENT from 4 to 7 at 1357834834.898695 standard 1
DKG_READY 307 for 1 SENT from 4 to 8 at 1357834834.899520 standard 1
DKG_READY 308 for 1 SENT from 4 to 9 at 1357834834.900277 standard 1
DKG_READY 309 for 1 SENT from 4 to 10 at 1357834834.900988 standard 1
DKG_READY 321 for 1 RECEIVED from 3 to 4 at 1357834834.901879
DKG_READY 303 for 1 RECEIVED from 4 to 4 at 1357834834.902750
DKG_READY 447 for 1 RECEIVED from 1 to 4 at 1357834834.903669
DKG_READY 321 for 1 RECEIVED from 2 to 4 at 1357834834.904556



============================================
*2ENOUGH DKG_READY message for 4 at 1357834834.904556
*Threshold : Ready = 4
*Received Ready Message Num = 4
============================================

DKG_COMPLETE * for 1 RS from 4 to * at 1357834834.904769 :)
=====
*ENOUGH DKG_ECHO message for 3 at 1357834834.874039
*Threshold : Echo = 4
*Received Echo Message Num = 4
*DKG_Readys are sent out...
============================================

DKG_READY 318 for 1 SENT from 3 to 1 at 1357834834.875133 standard 1
DKG_READY 319 for 1 SENT from 3 to 2 at 1357834834.876233 standard 1
DKG_READY 320 for 1 SENT from 3 to 3 at 1357834834.877358 standard 1
DKG_READY 321 for 1 SENT from 3 to 4 at 1357834834.878627 standard 1
DKG_READY 322 for 1 SENT from 3 to 5 at 1357834834.879773 standard 1
DKG_READY 323 for 1 SENT from 3 to 6 at 1357834834.880950 standard 1
DKG_READY 324 for 1 SENT from 3 to 7 at 1357834834.882230 standard 1
DKG_READY 325 for 1 SENT from 3 to 8 at 1357834834.883358 standard 1
DKG_READY 326 for 1 SENT from 3 to 9 at 1357834834.884441 standard 1
DKG_READY 327 for 1 SENT from 3 to 10 at 1357834834.885619 standard 1
DKG_READY 320 for 1 RECEIVED from 2 to 3 at 1357834834.887023
DKG_READY 446 for 1 RECEIVED from 1 to 3 at 1357834834.888599
DKG_READY 320 for 1 RECEIVED from 3 to 3 at 1357834834.890051
DKG_READY 302 for 1 RECEIVED from 4 to 3 at 1357834834.896334



============================================
*2ENOUGH DKG_READY message for 3 at 1357834834.896334
*Threshold : Ready = 4
*Received Ready Message Num = 4
============================================

DKG_COMPLETE * for 1 RS from 3 to * at 1357834834.896717 :)
ys are sent out...
============================================

DKG_READY 444 for 1 SENT from 1 to 1 at 1357834834.873277 standard 1
DKG_READY 445 for 1 SENT from 1 to 2 at 1357834834.874398 standard 1
DKG_READY 446 for 1 SENT from 1 to 3 at 1357834834.875536 standard 1
DKG_READY 447 for 1 SENT from 1 to 4 at 1357834834.876624 standard 1
DKG_READY 448 for 1 SENT from 1 to 5 at 1357834834.877699 standard 1
DKG_READY 449 for 1 SENT from 1 to 6 at 1357834834.878847 standard 1
DKG_READY 450 for 1 SENT from 1 to 7 at 1357834834.880096 standard 1
DKG_READY 451 for 1 SENT from 1 to 8 at 1357834834.881434 standard 1
DKG_READY 452 for 1 SENT from 1 to 9 at 1357834834.882624 standard 1
DKG_READY 453 for 1 SENT from 1 to 10 at 1357834834.883734 standard 1
DKG_READY 318 for 1 RECEIVED from 2 to 1 at 1357834834.885054
DKG_READY 444 for 1 RECEIVED from 1 to 1 at 1357834834.886472
DKG_READY 318 for 1 RECEIVED from 3 to 1 at 1357834834.887936
DKG_READY 300 for 1 RECEIVED from 4 to 1 at 1357834834.894544



============================================
*2ENOUGH DKG_READY message for 1 at 1357834834.894544
*Threshold : Ready = 4
*Received Ready Message Num = 4
============================================

DKG_COMPLETE * for 1 RS from 1 to * at 1357834834.894859 :)
